2026-07-17 16:53:19,061 - INFO - Extraction Started
2026-07-17 16:53:26,683 - INFO - Extraction Completed
2026-07-17 16:53:27,155 - INFO - Transformation Started
2026-07-17 16:53:27,163 - INFO - Transformation Completed
2026-07-17 16:53:27,675 - INFO - Loading Started
2026-07-17 16:53:27,691 - ERROR - 1045 (28000): Access denied for user 'root'@'localhost' (using password: YES)
2026-07-17 19:15:20,704 - INFO - Extraction Started
2026-07-17 19:15:28,117 - INFO - Extraction Completed
2026-07-17 19:15:29,276 - INFO - Transformation Started
2026-07-17 19:15:29,301 - INFO - Transformation Completed
2026-07-17 19:15:30,173 - INFO - Loading Started
2026-07-17 19:15:30,295 - ERROR - 1045 (28000): Access denied for user 'root'@'localhost' (using password: YES)
2026-07-18 11:49:17,718 - INFO - Extraction Started
2026-07-18 11:49:29,064 - INFO - Extraction Completed
2026-07-18 11:49:31,275 - INFO - Transformation Started
2026-07-18 11:49:31,287 - INFO - Transformation Completed
2026-07-18 11:49:32,051 - INFO - Loading Started
2026-07-18 11:49:32,078 - ERROR - 1045 (28000): Access denied for user 'root'@'localhost' (using password: YES)
2026-07-21 12:52:31,920 - INFO - Extraction Started
2026-07-21 12:52:40,754 - INFO - Extraction Completed
2026-07-21 12:52:42,201 - INFO - Transformation Started
2026-07-21 12:52:42,224 - INFO - Transformation Completed
2026-07-21 12:52:43,312 - INFO - Loading Started
2026-07-21 12:52:43,412 - ERROR - 1045 (28000): Access denied for user 'root'@'localhost' (using password: YES)
2026-07-21 12:53:29,011 - INFO - Extraction Started
2026-07-21 12:53:37,462 - INFO - Extraction Completed
2026-07-21 12:53:38,417 - INFO - Transformation Started
2026-07-21 12:53:38,432 - INFO - Transformation Completed
2026-07-21 12:53:39,469 - INFO - Loading Started
2026-07-21 12:53:39,505 - ERROR - 1045 (28000): Access denied for user 'root'@'localhost' (using password: YES)
